Using pre-set license
Built from '2020.3/staging' branch; Version is '2020.3.21f1 (a38c86f6690f) revision 10718342'; Using compiler version '192528614'; Build Type 'Release'
OS: 'Windows 10 Home; OS build 19044.1706; Version 2009; 64bit' Language: 'nl' Physical Memory: 16261 MB
BatchMode: 1, IsHumanControllingUs: 0, StartBugReporterOnCrash: 0, Is64bit: 1, IsPro: 0

COMMAND LINE ARGUMENTS:
C:\Program Files\Unity\Hub\Editor\2020.3.21f1\Editor\Unity.exe
-adb2
-batchMode
-noUpm
-name
AssetImportWorker0
-projectPath
C:/Users/menno/OneDrive/Bureaublad/ma/bewijzenmap/Leerjaar 2/Periode 4/Beroepsopdracht/MuseF2M8
-logFile
Logs/AssetImportWorker0.log
-srvPort
61481
Successfully changed project path to: C:/Users/menno/OneDrive/Bureaublad/ma/bewijzenmap/Leerjaar 2/Periode 4/Beroepsopdracht/MuseF2M8
C:/Users/menno/OneDrive/Bureaublad/ma/bewijzenmap/Leerjaar 2/Periode 4/Beroepsopdracht/MuseF2M8
Using Asset Import Pipeline V2.
Refreshing native plugins compatible for Editor in 52.13 ms, found 2 plugins.
Preloading 0 native plugins for Editor in 0.00 ms.
Initialize engine version: 2020.3.21f1 (a38c86f6690f)
[Subsystems] Discovering subsystems at path C:/Program Files/Unity/Hub/Editor/2020.3.21f1/Editor/Data/Resources/UnitySubsystems
[Subsystems] Discovering subsystems at path C:/Users/menno/OneDrive/Bureaublad/ma/bewijzenmap/Leerjaar 2/Periode 4/Beroepsopdracht/MuseF2M8/Assets
GfxDevice: creating device client; threaded=0
Direct3D:
    Version:  Direct3D 11.0 [level 11.1]
    Renderer: NVIDIA GeForce RTX 2060 (ID=0x1f11)
    Vendor:   
    VRAM:     5980 MB
    Driver:   30.0.15.1179
Initialize mono
Mono path[0] = 'C:/Program Files/Unity/Hub/Editor/2020.3.21f1/Editor/Data/Managed'
Mono path[1] = 'C:/Program Files/Unity/Hub/Editor/2020.3.21f1/Editor/Data/MonoBleedingEdge/lib/mono/unityjit'
Mono config path = 'C:/Program Files/Unity/Hub/Editor/2020.3.21f1/Editor/Data/MonoBleedingEdge/etc'
Using monoOptions --debugger-agent=transport=dt_socket,embedding=1,server=y,suspend=n,address=127.0.0.1:56700
Begin MonoManager ReloadAssembly
Registering precompiled unity dll's ...
Register platform support module: C:/Program Files/Unity/Hub/Editor/2020.3.21f1/Editor/Data/PlaybackEngines/WindowsStandaloneSupport/UnityEditor.WindowsStandalone.Extensions.dll
Registered in 0.001889 seconds.
Native extension for WindowsStandalone target not found
Refreshing native plugins compatible for Editor in 54.82 ms, found 2 plugins.
Preloading 0 native plugins for Editor in 0.00 ms.
Mono: successfully reloaded assembly
- Completed reload, in  1.109 seconds
Domain Reload Profiling:
	ReloadAssembly (1109ms)
		BeginReloadAssembly (51ms)
			ExecutionOrderSort (0ms)
			DisableScriptedObjects (0ms)
			BackupInstance (0ms)
			ReleaseScriptingObjects (0ms)
			CreateAndSetChildDomain (1ms)
		EndReloadAssembly (472ms)
			LoadAssemblies (49ms)
			RebuildTransferFunctionScriptingTraits (0ms)
			SetupTypeCache (152ms)
			ReleaseScriptCaches (0ms)
			RebuildScriptCaches (35ms)
			SetupLoadedEditorAssemblies (181ms)
				LogAssemblyErrors (0ms)
				InitializePlatformSupportModulesInManaged (4ms)
				SetLoadedEditorAssemblies (0ms)
				RefreshPlugins (55ms)
				BeforeProcessingInitializeOnLoad (17ms)
				ProcessInitializeOnLoadAttributes (76ms)
				ProcessInitializeOnLoadMethodAttributes (29ms)
				AfterProcessingInitializeOnLoad (0ms)
				EditorAssembliesLoaded (0ms)
			ExecutionOrderSort2 (0ms)
			AwakeInstancesAfterBackupRestoration (0ms)
Platform modules already initialized, skipping
Registering precompiled user dll's ...
Registered in 0.005622 seconds.
Begin MonoManager ReloadAssembly
Native extension for WindowsStandalone target not found
Refreshing native plugins compatible for Editor in 50.78 ms, found 2 plugins.
Preloading 0 native plugins for Editor in 0.00 ms.
Mono: successfully reloaded assembly
- Completed reload, in  1.231 seconds
Domain Reload Profiling:
	ReloadAssembly (1232ms)
		BeginReloadAssembly (169ms)
			ExecutionOrderSort (0ms)
			DisableScriptedObjects (7ms)
			BackupInstance (0ms)
			ReleaseScriptingObjects (0ms)
			CreateAndSetChildDomain (19ms)
		EndReloadAssembly (988ms)
			LoadAssemblies (108ms)
			RebuildTransferFunctionScriptingTraits (0ms)
			SetupTypeCache (351ms)
			ReleaseScriptCaches (1ms)
			RebuildScriptCaches (49ms)
			SetupLoadedEditorAssemblies (362ms)
				LogAssemblyErrors (0ms)
				InitializePlatformSupportModulesInManaged (4ms)
				SetLoadedEditorAssemblies (0ms)
				RefreshPlugins (51ms)
				BeforeProcessingInitializeOnLoad (90ms)
				ProcessInitializeOnLoadAttributes (201ms)
				ProcessInitializeOnLoadMethodAttributes (9ms)
				AfterProcessingInitializeOnLoad (6ms)
				EditorAssembliesLoaded (0ms)
			ExecutionOrderSort2 (0ms)
			AwakeInstancesAfterBackupRestoration (7ms)
Platform modules already initialized, skipping
========================================================================
Worker process is ready to serve import requests
Launched and connected shader compiler UnityShaderCompiler.exe after 0.07 seconds
Refreshing native plugins compatible for Editor in 0.47 ms, found 2 plugins.
Preloading 0 native plugins for Editor in 0.00 ms.
Unloading 2771 Unused Serialized files (Serialized files now loaded: 0)
System memory in use before: 125.0 MB.
System memory in use after: 125.2 MB.

Unloading 20 unused Assets to reduce memory usage. Loaded Objects now: 3206.
Total: 3.225400 ms (FindLiveObjects: 0.263500 ms CreateObjectMapping: 0.118900 ms MarkObjects: 2.769100 ms  DeleteObjects: 0.072900 ms)

AssetImportParameters requested are different than current active one (requested -> active):
  custom:framework-win-MediaFoundation: 216162199b28c13a410421893ffa2e32 -> 
  custom:video-decoder-ogg-theora: a1e56fd34408186e4bbccfd4996cb3dc -> 
  custom:container-muxer-webm: aa71ff27fc2769a1b78a27578f13a17b -> 
  custom:container-demuxer-webm: 4f35f7cbe854078d1ac9338744f61a02 -> 
  custom:container-demuxer-ogg: 62fdf1f143b41e24485cea50d1cbac27 -> 
  custom:video-encoder-webm-vp8: eb34c28f22e8b96e1ab97ce403110664 -> 
  custom:video-codec-MediaFoundation-h265: 746d11721c4dcdbdad8f713fa42b33f4 -> 
  custom:video-decoder-webm-vp8: 9c59270c3fd7afecdb556c50c9e8de78 -> 
  custom:audio-decoder-ogg-vorbis: bf7c407c2cedff20999df2af8eb42d56 -> 
  custom:audio-encoder-webm-vorbis: bf7c407c2cedff20999df2af8eb42d56 -> 
========================================================================
Received Import Request.
  path: Assets/UniversalRenderPipelineAsset.asset
  artifactKey: Guid(41a10befe4c4e144d9edc7a91cd91b78) Importer(815301076,1909f56bfc062723c751e8b465ee728b)
Start importing Assets/UniversalRenderPipelineAsset.asset using Guid(41a10befe4c4e144d9edc7a91cd91b78) Importer(815301076,1909f56bfc062723c751e8b465ee728b)  -> (artifact id: '5d5b82ad14c749ad87ddb973709a20ba') in 0.069000 seconds 
  Import took 0.073733 seconds .

========================================================================
Received Import Request.
  Time since last request: 0.000276 seconds.
  path: Assets/UniversalRenderPipelineAsset_Renderer.asset
  artifactKey: Guid(a0057fa69aaa8d54d957acdc50712e6b) Importer(815301076,1909f56bfc062723c751e8b465ee728b)
Start importing Assets/UniversalRenderPipelineAsset_Renderer.asset using Guid(a0057fa69aaa8d54d957acdc50712e6b) Importer(815301076,1909f56bfc062723c751e8b465ee728b)  -> (artifact id: '1fe72864c29f1b8cda0817716338d785') in 0.027818 seconds 
  Import took 0.033028 seconds .

========================================================================
Received Import Request.
  Time since last request: 91.716023 seconds.
  path: Assets/Materials
  artifactKey: Guid(b4851a2a39242db4d803b6573e7de591) Importer(815301076,1909f56bfc062723c751e8b465ee728b)
Start importing Assets/Materials using Guid(b4851a2a39242db4d803b6573e7de591) Importer(815301076,1909f56bfc062723c751e8b465ee728b)  -> (artifact id: 'a48e3199fb806553ceec2f8620c02b8b') in 0.006463 seconds 
  Import took 0.010983 seconds .

========================================================================
Received Import Request.
  Time since last request: 0.058286 seconds.
  path: Assets/Materials/Fall.mat
  artifactKey: Guid(d5d5555acec0be54a91d7475305028ac) Importer(815301076,1909f56bfc062723c751e8b465ee728b)
Start importing Assets/Materials/Fall.mat using Guid(d5d5555acec0be54a91d7475305028ac) Importer(815301076,1909f56bfc062723c751e8b465ee728b)  -> (artifact id: '40951a85580dab06e875939cdb99486c') in 0.121366 seconds 
  Import took 0.128209 seconds .

========================================================================
Received Import Request.
  Time since last request: 0.000263 seconds.
  path: Assets/Materials/Guy.mat
  artifactKey: Guid(766649c0556954b4d8b19695d7bb1ee8) Importer(815301076,1909f56bfc062723c751e8b465ee728b)
Start importing Assets/Materials/Guy.mat using Guid(766649c0556954b4d8b19695d7bb1ee8) Importer(815301076,1909f56bfc062723c751e8b465ee728b)  -> (artifact id: '40f4730520a8a21acdedb6203df59e93') in 0.017406 seconds 
  Import took 0.023145 seconds .

========================================================================
Received Prepare
Switching render pipeline 00000000000000000000000000000000 -> 41a10befe4c4e144d9edc7a91cd91b78
Refreshing native plugins compatible for Editor in 3.38 ms, found 2 plugins.
Preloading 0 native plugins for Editor in 0.00 ms.
Unloading 61 Unused Serialized files (Serialized files now loaded: 0)
System memory in use before: 72.0 MB.
System memory in use after: 72.3 MB.

Unloading 13 unused Assets to reduce memory usage. Loaded Objects now: 3294.
Total: 3.876000 ms (FindLiveObjects: 0.248700 ms CreateObjectMapping: 0.112000 ms MarkObjects: 3.502600 ms  DeleteObjects: 0.011900 ms)

AssetImportParameters requested are different than current active one (requested -> active):
  custom:framework-win-MediaFoundation: 216162199b28c13a410421893ffa2e32 -> 
  custom:video-decoder-ogg-theora: a1e56fd34408186e4bbccfd4996cb3dc -> 
  custom:container-muxer-webm: aa71ff27fc2769a1b78a27578f13a17b -> 
  custom:container-demuxer-webm: 4f35f7cbe854078d1ac9338744f61a02 -> 
  custom:container-demuxer-ogg: 62fdf1f143b41e24485cea50d1cbac27 -> 
  custom:video-encoder-webm-vp8: eb34c28f22e8b96e1ab97ce403110664 -> 
  custom:video-codec-MediaFoundation-h265: 746d11721c4dcdbdad8f713fa42b33f4 -> 
  custom:video-decoder-webm-vp8: 9c59270c3fd7afecdb556c50c9e8de78 -> 
  custom:audio-decoder-ogg-vorbis: bf7c407c2cedff20999df2af8eb42d56 -> 
  custom:audio-encoder-webm-vorbis: bf7c407c2cedff20999df2af8eb42d56 -> 
========================================================================
Received Import Request.
  Time since last request: 13.043737 seconds.
  path: Assets/Materials/basecolor.mat
  artifactKey: Guid(aa27c25b4f17bd94283432ca6050dda6) Importer(815301076,1909f56bfc062723c751e8b465ee728b)
Start importing Assets/Materials/basecolor.mat using Guid(aa27c25b4f17bd94283432ca6050dda6) Importer(815301076,1909f56bfc062723c751e8b465ee728b)  -> (artifact id: 'b703fe82177d4d642da3ae4a1ae7e988') in 0.260168 seconds 
  Import took 0.265917 seconds .

========================================================================
Received Import Request.
  Time since last request: 264.809957 seconds.
  path: Assets/Materials/basecolor.mat
  artifactKey: Guid(aa27c25b4f17bd94283432ca6050dda6) Importer(815301076,1909f56bfc062723c751e8b465ee728b)
Start importing Assets/Materials/basecolor.mat using Guid(aa27c25b4f17bd94283432ca6050dda6) Importer(815301076,1909f56bfc062723c751e8b465ee728b)  -> (artifact id: '92490790d5f2dba5989a3156fecdfec2') in 0.013699 seconds 
  Import took 0.020154 seconds .

========================================================================
Received Import Request.
  Time since last request: 0.000243 seconds.
  path: Assets/Materials/Fall.mat
  artifactKey: Guid(d5d5555acec0be54a91d7475305028ac) Importer(815301076,1909f56bfc062723c751e8b465ee728b)
Start importing Assets/Materials/Fall.mat using Guid(d5d5555acec0be54a91d7475305028ac) Importer(815301076,1909f56bfc062723c751e8b465ee728b)  -> (artifact id: 'a398042912a00f2c8ee9fb0c0a8e120f') in 0.013783 seconds 
  Import took 0.018237 seconds .

========================================================================
Received Import Request.
  Time since last request: 0.000270 seconds.
  path: Assets/Materials/EnemyBlue.mat
  artifactKey: Guid(cc6da70ef7fcae54d92b58e3be58e895) Importer(815301076,1909f56bfc062723c751e8b465ee728b)
Start importing Assets/Materials/EnemyBlue.mat using Guid(cc6da70ef7fcae54d92b58e3be58e895) Importer(815301076,1909f56bfc062723c751e8b465ee728b)  -> (artifact id: 'b6b57532315362e7bb86d1c74cc9c527') in 0.013250 seconds 
  Import took 0.017490 seconds .

========================================================================
Received Import Request.
  Time since last request: 0.000215 seconds.
  path: Assets/Materials/Guy.mat
  artifactKey: Guid(766649c0556954b4d8b19695d7bb1ee8) Importer(815301076,1909f56bfc062723c751e8b465ee728b)
Start importing Assets/Materials/Guy.mat using Guid(766649c0556954b4d8b19695d7bb1ee8) Importer(815301076,1909f56bfc062723c751e8b465ee728b)  -> (artifact id: 'ab110574d7c8ea0ff8d8ea07a0b96bee') in 0.012297 seconds 
  Import took 0.017406 seconds .

========================================================================
Received Import Request.
  Time since last request: 128.447785 seconds.
  path: Assets/Models/blockout_level_01.obj
  artifactKey: Guid(303359f5effa99345a97615b3d48621d) Importer(815301076,1909f56bfc062723c751e8b465ee728b)
Start importing Assets/Models/blockout_level_01.obj using Guid(303359f5effa99345a97615b3d48621d) Importer(815301076,1909f56bfc062723c751e8b465ee728b)  -> (artifact id: '6b5bac60267baf8ead777c046463502e') in 0.060299 seconds 
  Import took 0.065234 seconds .

========================================================================
Received Import Request.
  Time since last request: 0.000286 seconds.
  path: Assets/Models/robert_fbx.fbx
  artifactKey: Guid(fa6b41de818447d4f9ee671f2096a0fc) Importer(815301076,1909f56bfc062723c751e8b465ee728b)
Start importing Assets/Models/robert_fbx.fbx using Guid(fa6b41de818447d4f9ee671f2096a0fc) Importer(815301076,1909f56bfc062723c751e8b465ee728b)  -> (artifact id: '4587e54d304f2cbf7a7eec94a1b2a85a') in 0.182652 seconds 
  Import took 0.186917 seconds .

========================================================================
Received Import Request.
  Time since last request: 0.000283 seconds.
  path: Assets/Models/lichtform (1).fbx
  artifactKey: Guid(0755260b4040d5f4e9ba7b9b63baab96) Importer(815301076,1909f56bfc062723c751e8b465ee728b)
Start importing Assets/Models/lichtform (1).fbx using Guid(0755260b4040d5f4e9ba7b9b63baab96) Importer(815301076,1909f56bfc062723c751e8b465ee728b)  -> (artifact id: '5929a0a04261862dc0776b2c7a1d54c5') in 0.032957 seconds 
  Import took 0.037164 seconds .

========================================================================
Received Import Request.
  Time since last request: 9.416804 seconds.
  path: Assets/UniversalRenderPipelineAsset.asset
  artifactKey: Guid(41a10befe4c4e144d9edc7a91cd91b78) Importer(815301076,1909f56bfc062723c751e8b465ee728b)
Start importing Assets/UniversalRenderPipelineAsset.asset using Guid(41a10befe4c4e144d9edc7a91cd91b78) Importer(815301076,1909f56bfc062723c751e8b465ee728b)  -> (artifact id: '86831e8199b985024e0b78456a4c972a') in 0.006052 seconds 
  Import took 0.010855 seconds .

========================================================================
Received Import Request.
  Time since last request: 0.000289 seconds.
  path: Assets/UniversalRenderPipelineAsset_Renderer.asset
  artifactKey: Guid(a0057fa69aaa8d54d957acdc50712e6b) Importer(815301076,1909f56bfc062723c751e8b465ee728b)
Start importing Assets/UniversalRenderPipelineAsset_Renderer.asset using Guid(a0057fa69aaa8d54d957acdc50712e6b) Importer(815301076,1909f56bfc062723c751e8b465ee728b)  -> (artifact id: '08884fceec105e7750bbc02b02ad3a15') in 0.006112 seconds 
  Import took 0.010793 seconds .

AssetImportWorkerClient::OnTransportError - code=2 error=End of file
